<?xml version="1.0" encoding="UTF-8"?>
<!-- Generated by org.testng.reporters.JUnitReportReporter -->
<testsuite skipped="0" hostname="Jervis-PC" name="jdbcTest.Jdbc_TC01" tests="1" failures="0" timestamp="08 二月 2018 14:12:31 GMT" time="0.216" errors="0">
  <testcase name="query" time="0.216" classname="jdbcTest.Jdbc_TC01"/>
</testsuite> <!-- jdbcTest.Jdbc_TC01 -->
