<?xml version="1.0" encoding="UTF-8"?>
<!-- Generated by org.testng.reporters.JUnitReportReporter -->
<testsuite skipped="0" hostname="Jervis-PC" name="doub_test_case.AppTest" tests="1" failures="0" timestamp="22 一月 2018 12:32:40 GMT" time="0.003" errors="0">
  <testcase name="testApp" time="0.003" classname="doub_test_case.AppTest"/>
</testsuite> <!-- doub_test_case.AppTest -->
